   1               		.file	"main.c"
   2               	__SREG__ = 0x3f
   3               	__SP_H__ = 0x3e
   4               	__SP_L__ = 0x3d
   5               	__CCP__  = 0x34
   6               	__tmp_reg__ = 0
   7               	__zero_reg__ = 1
  15               	.Ltext0:
  16               	.global	RTC_init
  18               	RTC_init:
  19               	.LFB4:
  20               	.LM1:
  21               	/* prologue: function */
  22               	/* frame size = 0 */
  23               	.LM2:
  24 0000 E1E6      		ldi r30,lo8(97)
  25 0002 F0E0      		ldi r31,hi8(97)
  26 0004 80E8      		ldi r24,lo8(-128)
  27 0006 8083      		st Z,r24
  28               	.LM3:
  29 0008 83E0      		ldi r24,lo8(3)
  30 000a 8083      		st Z,r24
  31               	.LM4:
  32 000c 82E0      		ldi r24,lo8(2)
  33 000e 8093 6E00 		sts 110,r24
  34               	.LM5:
  35 0012 86E2      		ldi r24,lo8(38)
  36 0014 87BD      		out 71-32,r24
  37               	.LM6:
  38 0016 8CE0      		ldi r24,lo8(12)
  39 0018 84BD      		out 68-32,r24
  40               	.LM7:
  41 001a 1092 0000 		sts gMILLISECOND,__zero_reg__
  42               	.LM8:
  43 001e 1092 0000 		sts gSECOND,__zero_reg__
  44               	.LM9:
  45 0022 1092 0000 		sts gMINUTE,__zero_reg__
  46               	/* epilogue start */
  47               	.LM10:
  48 0026 0895      		ret
  49               	.LFE4:
  51               	.global	__vector_10
  53               	__vector_10:
  54               	.LFB5:
  55               	.LM11:
  56 0028 1F92      		push __zero_reg__
  57 002a 0F92      		push r0
  58 002c 0FB6      		in r0,__SREG__
  59 002e 0F92      		push r0
  60 0030 1124      		clr __zero_reg__
  61 0032 8F93      		push r24
  62               	/* prologue: Signal */
  63               	/* frame size = 0 */
  64               	.LM12:
  65 0034 8091 0000 		lds r24,gMILLISECOND
  66 0038 8F5F      		subi r24,lo8(-(1))
  67 003a 8093 0000 		sts gMILLISECOND,r24
  68               	.LM13:
  69 003e 8091 0000 		lds r24,gMILLISECOND
  70 0042 8336      		cpi r24,lo8(99)
  71 0044 01F4      		brne .L5
  72               	.LM14:
  73 0046 1092 0000 		sts gMILLISECOND,__zero_reg__
  74               	.LM15:
  75 004a 8091 0000 		lds r24,gSECOND
  76 004e 8F5F      		subi r24,lo8(-(1))
  77 0050 8093 0000 		sts gSECOND,r24
  78               	.LM16:
  79 0054 8091 0000 		lds r24,gSECOND
  80 0058 8C33      		cpi r24,lo8(60)
  81 005a 00F0      		brlo .L5
  82               	.LM17:
  83 005c 1092 0000 		sts gSECOND,__zero_reg__
  84               	.LM18:
  85 0060 8091 0000 		lds r24,gMINUTE
  86 0064 8F5F      		subi r24,lo8(-(1))
  87 0066 8093 0000 		sts gMINUTE,r24
  88               	.LM19:
  89 006a 8091 0000 		lds r24,gMINUTE
  90 006e 8C33      		cpi r24,lo8(60)
  91 0070 00F0      		brlo .L5
  92               	.LM20:
  93 0072 1092 0000 		sts gMINUTE,__zero_reg__
  94               	.L5:
  95               	/* epilogue start */
  96               	.LM21:
  97 0076 8F91      		pop r24
  98 0078 0F90      		pop r0
  99 007a 0FBE      		out __SREG__,r0
 100 007c 0F90      		pop r0
 101 007e 1F90      		pop __zero_reg__
 102 0080 1895      		reti
 103               	.LFE5:
 105               	.global	showClock
 107               	showClock:
 108               	.LFB3:
 109               	.LM22:
 110 0082 CF92      		push r12
 111 0084 DF92      		push r13
 112 0086 EF92      		push r14
 113 0088 FF92      		push r15
 114 008a 0F93      		push r16
 115 008c 1F93      		push r17
 116               	/* prologue: function */
 117               	/* frame size = 0 */
 118               	.LM23:
 119 008e 8091 0000 		lds r24,gMINUTE
 120 0092 0E94 0000 		call CHAR2BCD2
 121 0096 182F      		mov r17,r24
 122               	.LVL0:
 123               	.LM24:
 124 0098 082F      		mov r16,r24
 125 009a 0295      		swap r16
 126 009c 0F70      		andi r16,lo8(15)
 127               	.LM25:
 128 009e 8091 0000 		lds r24,gSECOND
 129 00a2 0E94 0000 		call CHAR2BCD2
 130 00a6 F82E      		mov r15,r24
 131               	.LVL1:
 132               	.LM26:
 133 00a8 D82E      		mov r13,r24
 134 00aa D294      		swap r13
 135 00ac 9FE0      		ldi r25,lo8(15)
 136 00ae D922      		and r13,r25
 137               	.LM27:
 138 00b0 8091 0000 		lds r24,gMILLISECOND
 139 00b4 0E94 0000 		call CHAR2BCD2
 140 00b8 E82E      		mov r14,r24
 141               	.LVL2:
 142               	.LM28:
 143 00ba C82E      		mov r12,r24
 144 00bc C294      		swap r12
 145 00be 8FE0      		ldi r24,lo8(15)
 146 00c0 C822      		and r12,r24
 147               	.LM29:
 148 00c2 005D      		subi r16,lo8(-(48))
 149 00c4 80E0      		ldi r24,lo8(0)
 150 00c6 602F      		mov r22,r16
 151 00c8 0E94 0000 		call LCD_putc
 152               	.LM30:
 153 00cc 1F70      		andi r17,lo8(15)
 154 00ce 105D      		subi r17,lo8(-(48))
 155 00d0 81E0      		ldi r24,lo8(1)
 156 00d2 612F      		mov r22,r17
 157 00d4 0E94 0000 		call LCD_putc
 158               	.LM31:
 159 00d8 80E3      		ldi r24,lo8(48)
 160 00da D80E      		add r13,r24
 161 00dc 82E0      		ldi r24,lo8(2)
 162 00de 6D2D      		mov r22,r13
 163 00e0 0E94 0000 		call LCD_putc
 164               	.LM32:
 165 00e4 8FE0      		ldi r24,lo8(15)
 166 00e6 F822      		and r15,r24
 167 00e8 80E3      		ldi r24,lo8(48)
 168 00ea F80E      		add r15,r24
 169 00ec 83E0      		ldi r24,lo8(3)
 170 00ee 6F2D      		mov r22,r15
 171 00f0 0E94 0000 		call LCD_putc
 172               	.LM33:
 173 00f4 80E3      		ldi r24,lo8(48)
 174 00f6 C80E      		add r12,r24
 175 00f8 84E0      		ldi r24,lo8(4)
 176 00fa 6C2D      		mov r22,r12
 177 00fc 0E94 0000 		call LCD_putc
 178               	.LM34:
 179 0100 8FE0      		ldi r24,lo8(15)
 180 0102 E822      		and r14,r24
 181 0104 80E3      		ldi r24,lo8(48)
 182 0106 E80E      		add r14,r24
 183 0108 85E0      		ldi r24,lo8(5)
 184 010a 6E2D      		mov r22,r14
 185 010c 0E94 0000 		call LCD_putc
 186               	.LM35:
 187 0110 86E0      		ldi r24,lo8(6)
 188 0112 60E0      		ldi r22,lo8(0)
 189 0114 0E94 0000 		call LCD_putc
 190               	.LM36:
 191 0118 81E0      		ldi r24,lo8(1)
 192 011a 0E94 0000 		call LCD_Colon
 193               	.LM37:
 194 011e 81E0      		ldi r24,lo8(1)
 195 0120 60E0      		ldi r22,lo8(0)
 196 0122 0E94 0000 		call LCD_UpdateRequired
 197               	/* epilogue start */
 198               	.LM38:
 199 0126 1F91      		pop r17
 200               	.LVL3:
 201 0128 0F91      		pop r16
 202 012a FF90      		pop r15
 203               	.LVL4:
 204 012c EF90      		pop r14
 205               	.LVL5:
 206 012e DF90      		pop r13
 207 0130 CF90      		pop r12
 208 0132 0895      		ret
 209               	.LFE3:
 211               	.global	main
 213               	main:
 214               	.LFB2:
 215               	.LM39:
 216               	/* prologue: function */
 217               	/* frame size = 0 */
 218               	.LM40:
 219               	/* #APP */
 220               	 ;  31 "main.c" 1
 221 0134 7894      		sei
 222               	 ;  0 "" 2
 223               	.LM41:
 224               	/* #NOAPP */
 225 0136 0E94 0000 		call RTC_init
 226               	.LM42:
 227 013a 0E94 0000 		call LCD_Init
 228               	.L9:
 229               	.LM43:
 230 013e 0E94 0000 		call showClock
 231 0142 00C0      		rjmp .L9
 232               	.LFE2:
 234               		.comm gMILLISECOND,1,1
 235               		.comm gSECOND,1,1
 236               		.comm gMINUTE,1,1
 237               		.comm time,2,1
 286               	.Letext0:
DEFINED SYMBOLS
                            *ABS*:00000000 main.c
C:\Users\Bennett\AppData\Local\Temp/ccz0I9Ie.s:2      *ABS*:0000003f __SREG__
C:\Users\Bennett\AppData\Local\Temp/ccz0I9Ie.s:3      *ABS*:0000003e __SP_H__
C:\Users\Bennett\AppData\Local\Temp/ccz0I9Ie.s:4      *ABS*:0000003d __SP_L__
C:\Users\Bennett\AppData\Local\Temp/ccz0I9Ie.s:5      *ABS*:00000034 __CCP__
C:\Users\Bennett\AppData\Local\Temp/ccz0I9Ie.s:6      *ABS*:00000000 __tmp_reg__
C:\Users\Bennett\AppData\Local\Temp/ccz0I9Ie.s:7      *ABS*:00000001 __zero_reg__
C:\Users\Bennett\AppData\Local\Temp/ccz0I9Ie.s:18     .text:00000000 RTC_init
                            *COM*:00000001 gMILLISECOND
                            *COM*:00000001 gSECOND
                            *COM*:00000001 gMINUTE
C:\Users\Bennett\AppData\Local\Temp/ccz0I9Ie.s:53     .text:00000028 __vector_10
C:\Users\Bennett\AppData\Local\Temp/ccz0I9Ie.s:107    .text:00000082 showClock
C:\Users\Bennett\AppData\Local\Temp/ccz0I9Ie.s:213    .text:00000134 main
                            *COM*:00000002 time

UNDEFINED SYMBOLS
CHAR2BCD2
LCD_putc
LCD_Colon
LCD_UpdateRequired
LCD_Init
__do_clear_bss
